  CharacterData.cpp
  ConnectionHandler.cpp
  Fighter.cpp
c:\users\daryl\desktop\projects\netfight\netfight\fighter.cpp(41): warning C4244: '=': conversion from 'T' to 'T', possible loss of data
          with
          [
              T=float
          ]
          and
          [
              T=int
          ]
c:\users\daryl\desktop\projects\netfight\netfight\fighter.cpp(229): warning C4244: 'argument': conversion from 'int' to 'T', possible loss of data
          with
          [
              T=float
          ]
c:\users\daryl\desktop\projects\netfight\netfight\fighter.cpp(423): warning C4244: 'argument': conversion from 'int' to 'T', possible loss of data
          with
          [
              T=float
          ]
c:\users\daryl\desktop\projects\netfight\netfight\fighter.cpp(467): warning C4244: 'argument': conversion from 'int' to 'T', possible loss of data
          with
          [
              T=float
          ]
c:\users\daryl\desktop\projects\netfight\netfight\fighter.cpp(500): warning C4244: '=': conversion from 'T' to 'T', possible loss of data
          with
          [
              T=float
          ]
          and
          [
              T=int
          ]
  GameStateManager.cpp
c:\users\daryl\desktop\projects\netfight\netfight\gamestatemanager.cpp(50): warning C4018: '>=': signed/unsigned mismatch
  Input.cpp
  MessageHandler.cpp
c:\users\daryl\desktop\projects\netfight\netfight\messagehandler.cpp(48): warning C4101: 'pingReply': unreferenced local variable
c:\users\daryl\desktop\projects\netfight\netfight\messagehandler.cpp(48): warning C4101: 'pingSend': unreferenced local variable
c:\users\daryl\desktop\projects\netfight\netfight\messagehandler.cpp(48): warning C4101: 'input4': unreferenced local variable
c:\users\daryl\desktop\projects\netfight\netfight\messagehandler.cpp(48): warning C4101: 'input2': unreferenced local variable
c:\users\daryl\desktop\projects\netfight\netfight\messagehandler.cpp(48): warning C4101: 'input5': unreferenced local variable
c:\users\daryl\desktop\projects\netfight\netfight\messagehandler.cpp(48): warning C4101: 'input7': unreferenced local variable
c:\users\daryl\desktop\projects\netfight\netfight\messagehandler.cpp(48): warning C4101: 'input3': unreferenced local variable
c:\users\daryl\desktop\projects\netfight\netfight\messagehandler.cpp(48): warning C4101: 'input1': unreferenced local variable
c:\users\daryl\desktop\projects\netfight\netfight\messagehandler.cpp(48): warning C4101: 'input6': unreferenced local variable
c:\users\daryl\desktop\projects\netfight\netfight\messagehandler.cpp(47): warning C4101: 'pingFrame': unreferenced local variable
c:\users\daryl\desktop\projects\netfight\netfight\messagehandler.cpp(48): warning C4101: 'set': unreferenced local variable
c:\users\daryl\desktop\projects\netfight\netfight\messagehandler.cpp(45): warning C4101: 'frame': unreferenced local variable
c:\users\daryl\desktop\projects\netfight\netfight\messagehandler.cpp(261): warning C4101: 'pingFrame': unreferenced local variable
c:\users\daryl\desktop\projects\netfight\netfight\messagehandler.cpp(354): warning C4101: 'pingFrame': unreferenced local variable
  NetFight.cpp
c:\users\daryl\desktop\projects\netfight\netfight\netfight.cpp(289): warning C4244: '=': conversion from 'float' to 'int', possible loss of data
c:\users\daryl\desktop\projects\netfight\netfight\netfight.cpp(601): warning C4244: 'argument': conversion from 'int' to 'float', possible loss of data
c:\users\daryl\desktop\projects\netfight\netfight\netfight.cpp(602): warning C4244: 'argument': conversion from 'int' to 'float', possible loss of data
  Generating Code...
  NetFight.vcxproj -> C:\Users\Daryl\Desktop\Projects\NetFight\Debug\NetFight.exe
